{"/Users/Owen/Desktop/nerdquiz/client/src/components/index.js": {"path":"/Users/Owen/Desktop/nerdquiz/client/src/components/index.js","statementMap":{},"fnMap":{},"branchMap":{},"s":{},"f":{},"b":{},"_coverageSchema":"1a1c01bbd47fc00a2c39e90264f33305004495a9","hash":"f0d494d90fd2fa38ad4d2883fa1e790fd24206aa"}
,"/Users/Owen/Desktop/nerdquiz/client/src/components/CreateRoomButton/index.js": {"path":"/Users/Owen/Desktop/nerdquiz/client/src/components/CreateRoomButton/index.js","statementMap":{"0":{"start":{"line":3,"column":25},"end":{"line":6,"column":1}},"1":{"start":{"line":5,"column":4},"end":{"line":5,"column":45}},"2":{"start":{"line":8,"column":25},"end":{"line":8,"column":118}},"3":{"start":{"line":8,"column":31},"end":{"line":8,"column":118}}},"fnMap":{"0":{"name":"(anonymous_0)","decl":{"start":{"line":3,"column":25},"end":{"line":3,"column":26}},"loc":{"start":{"line":3,"column":31},"end":{"line":6,"column":1}},"line":3},"1":{"name":"(anonymous_1)","decl":{"start":{"line":8,"column":25},"end":{"line":8,"column":26}},"loc":{"start":{"line":8,"column":31},"end":{"line":8,"column":118}},"line":8}},"branchMap":{},"s":{"0":2,"1":0,"2":2,"3":3},"f":{"0":0,"1":3},"b":{},"_coverageSchema":"1a1c01bbd47fc00a2c39e90264f33305004495a9","hash":"b4e6085b2f4d3d664097f5a47ce5a0f2466aa6b8"}
,"/Users/Owen/Desktop/nerdquiz/client/src/components/RestartButon/index.js": {"path":"/Users/Owen/Desktop/nerdquiz/client/src/components/RestartButon/index.js","statementMap":{"0":{"start":{"line":5,"column":22},"end":{"line":20,"column":1}},"1":{"start":{"line":7,"column":17},"end":{"line":7,"column":40}},"2":{"start":{"line":9,"column":24},"end":{"line":11,"column":5}},"3":{"start":{"line":10,"column":8},"end":{"line":10,"column":42}},"4":{"start":{"line":13,"column":4},"end":{"line":19,"column":5}}},"fnMap":{"0":{"name":"(anonymous_0)","decl":{"start":{"line":5,"column":22},"end":{"line":5,"column":23}},"loc":{"start":{"line":5,"column":28},"end":{"line":20,"column":1}},"line":5},"1":{"name":"(anonymous_1)","decl":{"start":{"line":9,"column":24},"end":{"line":9,"column":25}},"loc":{"start":{"line":9,"column":30},"end":{"line":11,"column":5}},"line":9}},"branchMap":{},"s":{"0":3,"1":2,"2":2,"3":0,"4":2},"f":{"0":2,"1":0},"b":{},"_coverageSchema":"1a1c01bbd47fc00a2c39e90264f33305004495a9","hash":"7944950ba9454b8e33eac26529a0c35e6e4e8e39"}
,"/Users/Owen/Desktop/nerdquiz/client/src/components/RoomList/index.js": {"path":"/Users/Owen/Desktop/nerdquiz/client/src/components/RoomList/index.js","statementMap":{"0":{"start":{"line":4,"column":22},"end":{"line":14,"column":1}},"1":{"start":{"line":6,"column":4},"end":{"line":13,"column":5}},"2":{"start":{"line":8,"column":12},"end":{"line":8,"column":51}},"3":{"start":{"line":10,"column":12},"end":{"line":10,"column":51}},"4":{"start":{"line":12,"column":12},"end":{"line":12,"column":51}},"5":{"start":{"line":16,"column":17},"end":{"line":33,"column":1}},"6":{"start":{"line":17,"column":4},"end":{"line":32,"column":5}},"7":{"start":{"line":21,"column":16},"end":{"line":29,"column":17}},"8":{"start":{"line":24,"column":34},"end":{"line":24,"column":67}}},"fnMap":{"0":{"name":"(anonymous_0)","decl":{"start":{"line":4,"column":22},"end":{"line":4,"column":23}},"loc":{"start":{"line":4,"column":36},"end":{"line":14,"column":1}},"line":4},"1":{"name":"(anonymous_1)","decl":{"start":{"line":16,"column":17},"end":{"line":16,"column":18}},"loc":{"start":{"line":16,"column":32},"end":{"line":33,"column":1}},"line":16},"2":{"name":"(anonymous_2)","decl":{"start":{"line":20,"column":23},"end":{"line":20,"column":24}},"loc":{"start":{"line":20,"column":31},"end":{"line":30,"column":13}},"line":20},"3":{"name":"(anonymous_3)","decl":{"start":{"line":24,"column":28},"end":{"line":24,"column":29}},"loc":{"start":{"line":24,"column":34},"end":{"line":24,"column":67}},"line":24}},"branchMap":{"0":{"loc":{"start":{"line":6,"column":4},"end":{"line":13,"column":5}},"type":"switch","locations":[{"start":{"line":7,"column":8},"end":{"line":8,"column":51}},{"start":{"line":9,"column":8},"end":{"line":10,"column":51}},{"start":{"line":11,"column":8},"end":{"line":12,"column":51}}],"line":6}},"s":{"0":2,"1":2,"2":2,"3":0,"4":0,"5":2,"6":3,"7":1,"8":0},"f":{"0":2,"1":3,"2":1,"3":0},"b":{"0":[2,0,0]},"_coverageSchema":"1a1c01bbd47fc00a2c39e90264f33305004495a9","hash":"194a0ebfad33a2d7e7a557acc4a32eebdf707994"}
,"/Users/Owen/Desktop/nerdquiz/client/src/handlers/createRoomHandler.js": {"path":"/Users/Owen/Desktop/nerdquiz/client/src/handlers/createRoomHandler.js","statementMap":{"0":{"start":{"line":3,"column":33},"end":{"line":12,"column":1}},"1":{"start":{"line":4,"column":19},"end":{"line":4,"column":27}},"2":{"start":{"line":5,"column":2},"end":{"line":5,"column":21}},"3":{"start":{"line":6,"column":23},"end":{"line":10,"column":3}},"4":{"start":{"line":11,"column":2},"end":{"line":11,"column":43}}},"fnMap":{"0":{"name":"(anonymous_0)","decl":{"start":{"line":3,"column":33},"end":{"line":3,"column":34}},"loc":{"start":{"line":3,"column":40},"end":{"line":12,"column":1}},"line":3}},"branchMap":{},"s":{"0":1,"1":0,"2":0,"3":0,"4":0},"f":{"0":0},"b":{},"_coverageSchema":"1a1c01bbd47fc00a2c39e90264f33305004495a9","hash":"7716e0686b5f3dc35abef1550c05057d152ff6ec"}
,"/Users/Owen/Desktop/nerdquiz/client/src/handlers/userRoomInteractionHandlers.js": {"path":"/Users/Owen/Desktop/nerdquiz/client/src/handlers/userRoomInteractionHandlers.js","statementMap":{"0":{"start":{"line":3,"column":37},"end":{"line":5,"column":1}},"1":{"start":{"line":4,"column":4},"end":{"line":4,"column":103}},"2":{"start":{"line":7,"column":36},"end":{"line":9,"column":1}},"3":{"start":{"line":8,"column":4},"end":{"line":8,"column":68}},"4":{"start":{"line":11,"column":37},"end":{"line":13,"column":1}},"5":{"start":{"line":12,"column":4},"end":{"line":12,"column":43}}},"fnMap":{"0":{"name":"(anonymous_0)","decl":{"start":{"line":3,"column":37},"end":{"line":3,"column":38}},"loc":{"start":{"line":3,"column":49},"end":{"line":5,"column":1}},"line":3},"1":{"name":"(anonymous_1)","decl":{"start":{"line":7,"column":36},"end":{"line":7,"column":37}},"loc":{"start":{"line":7,"column":42},"end":{"line":9,"column":1}},"line":7},"2":{"name":"(anonymous_2)","decl":{"start":{"line":11,"column":37},"end":{"line":11,"column":38}},"loc":{"start":{"line":11,"column":49},"end":{"line":13,"column":1}},"line":11}},"branchMap":{},"s":{"0":3,"1":0,"2":3,"3":0,"4":3,"5":0},"f":{"0":0,"1":0,"2":0},"b":{},"_coverageSchema":"1a1c01bbd47fc00a2c39e90264f33305004495a9","hash":"01d009bd46e583a8a7c44b563fec2e9464adfbbd"}
,"/Users/Owen/Desktop/nerdquiz/client/src/layout/Header/index.js": {"path":"/Users/Owen/Desktop/nerdquiz/client/src/layout/Header/index.js","statementMap":{"0":{"start":{"line":5,"column":15},"end":{"line":29,"column":1}},"1":{"start":{"line":6,"column":19},"end":{"line":6,"column":32}},"2":{"start":{"line":9,"column":2},"end":{"line":13,"column":3}},"3":{"start":{"line":10,"column":4},"end":{"line":10,"column":63}},"4":{"start":{"line":12,"column":4},"end":{"line":12,"column":74}},"5":{"start":{"line":15,"column":2},"end":{"line":28,"column":4}}},"fnMap":{"0":{"name":"(anonymous_0)","decl":{"start":{"line":5,"column":15},"end":{"line":5,"column":16}},"loc":{"start":{"line":5,"column":21},"end":{"line":29,"column":1}},"line":5}},"branchMap":{"0":{"loc":{"start":{"line":9,"column":2},"end":{"line":13,"column":3}},"type":"if","locations":[{"start":{"line":9,"column":2},"end":{"line":13,"column":3}},{"start":{"line":9,"column":2},"end":{"line":13,"column":3}}],"line":9}},"s":{"0":1,"1":1,"2":1,"3":0,"4":1,"5":1},"f":{"0":1},"b":{"0":[0,1]},"_coverageSchema":"1a1c01bbd47fc00a2c39e90264f33305004495a9","hash":"b15ee473eb35639e3922889dcabda0ebc123ec11"}
,"/Users/Owen/Desktop/nerdquiz/client/src/models/GameStateTypes.js": {"path":"/Users/Owen/Desktop/nerdquiz/client/src/models/GameStateTypes.js","statementMap":{"0":{"start":{"line":3,"column":30},"end":{"line":6,"column":1}},"1":{"start":{"line":8,"column":27},"end":{"line":8,"column":46}}},"fnMap":{},"branchMap":{},"s":{"0":6,"1":6},"f":{},"b":{},"_coverageSchema":"1a1c01bbd47fc00a2c39e90264f33305004495a9","hash":"3f07c524f929f3c62a98ce0a82784d26524eab33"}
,"/Users/Owen/Desktop/nerdquiz/client/src/pages/CreateRoomPage/index.js": {"path":"/Users/Owen/Desktop/nerdquiz/client/src/pages/CreateRoomPage/index.js","statementMap":{"0":{"start":{"line":6,"column":23},"end":{"line":65,"column":1}},"1":{"start":{"line":7,"column":15},"end":{"line":7,"column":38}},"2":{"start":{"line":8,"column":60},"end":{"line":8,"column":76}},"3":{"start":{"line":10,"column":23},"end":{"line":23,"column":3}},"4":{"start":{"line":11,"column":4},"end":{"line":11,"column":11}},"5":{"start":{"line":28,"column":35},"end":{"line":31,"column":3}},"6":{"start":{"line":29,"column":4},"end":{"line":29,"column":25}},"7":{"start":{"line":30,"column":4},"end":{"line":30,"column":47}},"8":{"start":{"line":33,"column":17},"end":{"line":35,"column":3}},"9":{"start":{"line":34,"column":4},"end":{"line":34,"column":39}},"10":{"start":{"line":37,"column":2},"end":{"line":64,"column":4}}},"fnMap":{"0":{"name":"(anonymous_0)","decl":{"start":{"line":6,"column":23},"end":{"line":6,"column":24}},"loc":{"start":{"line":6,"column":29},"end":{"line":65,"column":1}},"line":6},"1":{"name":"(anonymous_1)","decl":{"start":{"line":10,"column":23},"end":{"line":10,"column":24}},"loc":{"start":{"line":10,"column":30},"end":{"line":23,"column":3}},"line":10},"2":{"name":"(anonymous_2)","decl":{"start":{"line":28,"column":35},"end":{"line":28,"column":36}},"loc":{"start":{"line":28,"column":42},"end":{"line":31,"column":3}},"line":28},"3":{"name":"(anonymous_3)","decl":{"start":{"line":33,"column":17},"end":{"line":33,"column":18}},"loc":{"start":{"line":33,"column":23},"end":{"line":35,"column":3}},"line":33}},"branchMap":{},"s":{"0":1,"1":1,"2":1,"3":1,"4":0,"5":1,"6":0,"7":0,"8":1,"9":0,"10":1},"f":{"0":1,"1":0,"2":0,"3":0},"b":{},"_coverageSchema":"1a1c01bbd47fc00a2c39e90264f33305004495a9","hash":"1730dd047edbe2b8a6068f60cc7aa8549030bfa2"}
,"/Users/Owen/Desktop/nerdquiz/client/src/pages/HomePage/index.js": {"path":"/Users/Owen/Desktop/nerdquiz/client/src/pages/HomePage/index.js","statementMap":{"0":{"start":{"line":9,"column":17},"end":{"line":49,"column":1}},"1":{"start":{"line":11,"column":15},"end":{"line":11,"column":38}},"2":{"start":{"line":14,"column":28},"end":{"line":14,"column":40}},"3":{"start":{"line":15,"column":2},"end":{"line":18,"column":8}},"4":{"start":{"line":16,"column":26},"end":{"line":16,"column":93}},"5":{"start":{"line":17,"column":4},"end":{"line":17,"column":30}},"6":{"start":{"line":21,"column":2},"end":{"line":23,"column":4}},"7":{"start":{"line":22,"column":4},"end":{"line":22,"column":37}},"8":{"start":{"line":22,"column":21},"end":{"line":22,"column":35}},"9":{"start":{"line":25,"column":19},"end":{"line":34,"column":3}},"10":{"start":{"line":26,"column":4},"end":{"line":26,"column":30}},"11":{"start":{"line":27,"column":4},"end":{"line":30,"column":6}},"12":{"start":{"line":33,"column":4},"end":{"line":33,"column":46}},"13":{"start":{"line":36,"column":2},"end":{"line":38,"column":4}},"14":{"start":{"line":37,"column":4},"end":{"line":37,"column":46}},"15":{"start":{"line":40,"column":2},"end":{"line":48,"column":3}}},"fnMap":{"0":{"name":"(anonymous_0)","decl":{"start":{"line":9,"column":17},"end":{"line":9,"column":18}},"loc":{"start":{"line":9,"column":23},"end":{"line":49,"column":1}},"line":9},"1":{"name":"(anonymous_1)","decl":{"start":{"line":15,"column":12},"end":{"line":15,"column":13}},"loc":{"start":{"line":15,"column":24},"end":{"line":18,"column":3}},"line":15},"2":{"name":"(anonymous_2)","decl":{"start":{"line":21,"column":27},"end":{"line":21,"column":28}},"loc":{"start":{"line":21,"column":38},"end":{"line":23,"column":3}},"line":21},"3":{"name":"(anonymous_3)","decl":{"start":{"line":22,"column":13},"end":{"line":22,"column":14}},"loc":{"start":{"line":22,"column":21},"end":{"line":22,"column":35}},"line":22},"4":{"name":"(anonymous_4)","decl":{"start":{"line":25,"column":19},"end":{"line":25,"column":20}},"loc":{"start":{"line":25,"column":32},"end":{"line":34,"column":3}},"line":25},"5":{"name":"(anonymous_5)","decl":{"start":{"line":36,"column":31},"end":{"line":36,"column":32}},"loc":{"start":{"line":36,"column":37},"end":{"line":38,"column":3}},"line":36}},"branchMap":{},"s":{"0":1,"1":3,"2":2,"3":2,"4":1,"5":1,"6":2,"7":0,"8":0,"9":2,"10":0,"11":0,"12":0,"13":2,"14":0,"15":2},"f":{"0":3,"1":1,"2":0,"3":0,"4":0,"5":0},"b":{},"_coverageSchema":"1a1c01bbd47fc00a2c39e90264f33305004495a9","hash":"9b168e55a8ecdd783abef136bdc1549ee685830a"}
,"/Users/Owen/Desktop/nerdquiz/client/src/pages/LandingPage/index.js": {"path":"/Users/Owen/Desktop/nerdquiz/client/src/pages/LandingPage/index.js","statementMap":{"0":{"start":{"line":6,"column":20},"end":{"line":41,"column":1}},"1":{"start":{"line":8,"column":15},"end":{"line":8,"column":38}},"2":{"start":{"line":10,"column":32},"end":{"line":15,"column":3}},"3":{"start":{"line":11,"column":4},"end":{"line":11,"column":23}},"4":{"start":{"line":12,"column":17},"end":{"line":12,"column":34}},"5":{"start":{"line":13,"column":4},"end":{"line":13,"column":43}},"6":{"start":{"line":14,"column":4},"end":{"line":14,"column":39}},"7":{"start":{"line":17,"column":2},"end":{"line":40,"column":4}}},"fnMap":{"0":{"name":"(anonymous_0)","decl":{"start":{"line":6,"column":20},"end":{"line":6,"column":21}},"loc":{"start":{"line":6,"column":26},"end":{"line":41,"column":1}},"line":6},"1":{"name":"(anonymous_1)","decl":{"start":{"line":10,"column":32},"end":{"line":10,"column":33}},"loc":{"start":{"line":10,"column":39},"end":{"line":15,"column":3}},"line":10}},"branchMap":{},"s":{"0":1,"1":1,"2":1,"3":0,"4":0,"5":0,"6":0,"7":1},"f":{"0":1,"1":0},"b":{},"_coverageSchema":"1a1c01bbd47fc00a2c39e90264f33305004495a9","hash":"166a53356a034baf59277b372cc7158c193924e9"}
,"/Users/Owen/Desktop/nerdquiz/client/src/pages/LeaderboardPage/index.js": {"path":"/Users/Owen/Desktop/nerdquiz/client/src/pages/LeaderboardPage/index.js","statementMap":{"0":{"start":{"line":5,"column":24},"end":{"line":38,"column":1}},"1":{"start":{"line":6,"column":2},"end":{"line":37,"column":3}}},"fnMap":{"0":{"name":"(anonymous_0)","decl":{"start":{"line":5,"column":24},"end":{"line":5,"column":25}},"loc":{"start":{"line":5,"column":30},"end":{"line":38,"column":1}},"line":5}},"branchMap":{},"s":{"0":1,"1":1},"f":{"0":1},"b":{},"_coverageSchema":"1a1c01bbd47fc00a2c39e90264f33305004495a9","hash":"c46e1e8757cda5ebb9e595b7515735d6eaac280a"}
,"/Users/Owen/Desktop/nerdquiz/client/src/pages/QuizFinishedPage/index.js": {"path":"/Users/Owen/Desktop/nerdquiz/client/src/pages/QuizFinishedPage/index.js","statementMap":{"0":{"start":{"line":7,"column":16},"end":{"line":9,"column":1}},"1":{"start":{"line":8,"column":2},"end":{"line":8,"column":43}},"2":{"start":{"line":11,"column":25},"end":{"line":70,"column":1}},"3":{"start":{"line":13,"column":15},"end":{"line":13,"column":38}},"4":{"start":{"line":15,"column":21},"end":{"line":20,"column":3}},"5":{"start":{"line":21,"column":30},"end":{"line":21,"column":50}},"6":{"start":{"line":23,"column":22},"end":{"line":25,"column":3}},"7":{"start":{"line":24,"column":4},"end":{"line":24,"column":39}},"8":{"start":{"line":27,"column":2},"end":{"line":29,"column":8}},"9":{"start":{"line":31,"column":2},"end":{"line":69,"column":3}},"10":{"start":{"line":32,"column":4},"end":{"line":36,"column":5}},"11":{"start":{"line":38,"column":4},"end":{"line":68,"column":5}},"12":{"start":{"line":52,"column":18},"end":{"line":60,"column":19}}},"fnMap":{"0":{"name":"(anonymous_0)","decl":{"start":{"line":7,"column":16},"end":{"line":7,"column":17}},"loc":{"start":{"line":7,"column":22},"end":{"line":9,"column":1}},"line":7},"1":{"name":"(anonymous_1)","decl":{"start":{"line":11,"column":25},"end":{"line":11,"column":26}},"loc":{"start":{"line":11,"column":31},"end":{"line":70,"column":1}},"line":11},"2":{"name":"(anonymous_2)","decl":{"start":{"line":23,"column":22},"end":{"line":23,"column":23}},"loc":{"start":{"line":23,"column":28},"end":{"line":25,"column":3}},"line":23},"3":{"name":"(anonymous_3)","decl":{"start":{"line":27,"column":12},"end":{"line":27,"column":13}},"loc":{"start":{"line":27,"column":18},"end":{"line":29,"column":3}},"line":27},"4":{"name":"(anonymous_4)","decl":{"start":{"line":51,"column":27},"end":{"line":51,"column":28}},"loc":{"start":{"line":51,"column":35},"end":{"line":61,"column":17}},"line":51}},"branchMap":{"0":{"loc":{"start":{"line":31,"column":2},"end":{"line":69,"column":3}},"type":"if","locations":[{"start":{"line":31,"column":2},"end":{"line":69,"column":3}},{"start":{"line":31,"column":2},"end":{"line":69,"column":3}}],"line":31}},"s":{"0":1,"1":0,"2":1,"3":2,"4":1,"5":1,"6":1,"7":0,"8":1,"9":1,"10":0,"11":1,"12":4},"f":{"0":0,"1":2,"2":0,"3":1,"4":4},"b":{"0":[0,1]},"_coverageSchema":"1a1c01bbd47fc00a2c39e90264f33305004495a9","hash":"9ae9005291f63aa32ab79a05b87cc34a40134485"}
,"/Users/Owen/Desktop/nerdquiz/client/src/pages/WaitingRoomPage/index.js": {"path":"/Users/Owen/Desktop/nerdquiz/client/src/pages/WaitingRoomPage/index.js","statementMap":{"0":{"start":{"line":7,"column":25},"end":{"line":10,"column":1}},"1":{"start":{"line":9,"column":2},"end":{"line":9,"column":32}},"2":{"start":{"line":12,"column":24},"end":{"line":86,"column":1}},"3":{"start":{"line":14,"column":15},"end":{"line":14,"column":38}},"4":{"start":{"line":15,"column":32},"end":{"line":15,"column":46}},"5":{"start":{"line":16,"column":2},"end":{"line":23,"column":8}},"6":{"start":{"line":19,"column":19},"end":{"line":19,"column":20}},"7":{"start":{"line":22,"column":4},"end":{"line":22,"column":32}},"8":{"start":{"line":26,"column":2},"end":{"line":28,"column":4}},"9":{"start":{"line":27,"column":4},"end":{"line":27,"column":48}},"10":{"start":{"line":27,"column":23},"end":{"line":27,"column":46}},"11":{"start":{"line":31,"column":2},"end":{"line":33,"column":4}},"12":{"start":{"line":32,"column":4},"end":{"line":32,"column":74}},"13":{"start":{"line":32,"column":23},"end":{"line":32,"column":72}},"14":{"start":{"line":32,"column":45},"end":{"line":32,"column":71}},"15":{"start":{"line":37,"column":22},"end":{"line":43,"column":3}},"16":{"start":{"line":42,"column":4},"end":{"line":42,"column":15}},"17":{"start":{"line":45,"column":23},"end":{"line":48,"column":3}},"18":{"start":{"line":47,"column":4},"end":{"line":47,"column":21}},"19":{"start":{"line":50,"column":22},"end":{"line":55,"column":3}},"20":{"start":{"line":51,"column":19},"end":{"line":51,"column":33}},"21":{"start":{"line":52,"column":4},"end":{"line":52,"column":34}},"22":{"start":{"line":54,"column":4},"end":{"line":54,"column":39}},"23":{"start":{"line":57,"column":25},"end":{"line":60,"column":3}},"24":{"start":{"line":59,"column":4},"end":{"line":59,"column":39}},"25":{"start":{"line":62,"column":2},"end":{"line":85,"column":4}},"26":{"start":{"line":78,"column":14},"end":{"line":79,"column":88}}},"fnMap":{"0":{"name":"(anonymous_0)","decl":{"start":{"line":7,"column":25},"end":{"line":7,"column":26}},"loc":{"start":{"line":7,"column":37},"end":{"line":10,"column":1}},"line":7},"1":{"name":"(anonymous_1)","decl":{"start":{"line":12,"column":24},"end":{"line":12,"column":25}},"loc":{"start":{"line":12,"column":30},"end":{"line":86,"column":1}},"line":12},"2":{"name":"(anonymous_2)","decl":{"start":{"line":16,"column":12},"end":{"line":16,"column":13}},"loc":{"start":{"line":16,"column":24},"end":{"line":23,"column":3}},"line":16},"3":{"name":"(anonymous_3)","decl":{"start":{"line":26,"column":31},"end":{"line":26,"column":32}},"loc":{"start":{"line":26,"column":44},"end":{"line":28,"column":3}},"line":26},"4":{"name":"(anonymous_4)","decl":{"start":{"line":27,"column":15},"end":{"line":27,"column":16}},"loc":{"start":{"line":27,"column":23},"end":{"line":27,"column":46}},"line":27},"5":{"name":"(anonymous_5)","decl":{"start":{"line":31,"column":31},"end":{"line":31,"column":32}},"loc":{"start":{"line":31,"column":44},"end":{"line":33,"column":3}},"line":31},"6":{"name":"(anonymous_6)","decl":{"start":{"line":32,"column":15},"end":{"line":32,"column":16}},"loc":{"start":{"line":32,"column":23},"end":{"line":32,"column":72}},"line":32},"7":{"name":"(anonymous_7)","decl":{"start":{"line":32,"column":35},"end":{"line":32,"column":36}},"loc":{"start":{"line":32,"column":45},"end":{"line":32,"column":71}},"line":32},"8":{"name":"(anonymous_8)","decl":{"start":{"line":37,"column":22},"end":{"line":37,"column":23}},"loc":{"start":{"line":37,"column":28},"end":{"line":43,"column":3}},"line":37},"9":{"name":"(anonymous_9)","decl":{"start":{"line":45,"column":23},"end":{"line":45,"column":24}},"loc":{"start":{"line":45,"column":29},"end":{"line":48,"column":3}},"line":45},"10":{"name":"(anonymous_10)","decl":{"start":{"line":50,"column":22},"end":{"line":50,"column":23}},"loc":{"start":{"line":50,"column":28},"end":{"line":55,"column":3}},"line":50},"11":{"name":"(anonymous_11)","decl":{"start":{"line":57,"column":25},"end":{"line":57,"column":26}},"loc":{"start":{"line":57,"column":31},"end":{"line":60,"column":3}},"line":57},"12":{"name":"(anonymous_12)","decl":{"start":{"line":77,"column":24},"end":{"line":77,"column":25}},"loc":{"start":{"line":77,"column":34},"end":{"line":80,"column":13}},"line":77}},"branchMap":{"0":{"loc":{"start":{"line":69,"column":11},"end":{"line":69,"column":113}},"type":"cond-expr","locations":[{"start":{"line":69,"column":25},"end":{"line":69,"column":106}},{"start":{"line":69,"column":109},"end":{"line":69,"column":113}}],"line":69}},"s":{"0":1,"1":0,"2":1,"3":3,"4":2,"5":2,"6":1,"7":1,"8":2,"9":0,"10":0,"11":2,"12":0,"13":0,"14":0,"15":2,"16":0,"17":2,"18":0,"19":2,"20":0,"21":0,"22":0,"23":2,"24":0,"25":2,"26":3},"f":{"0":0,"1":3,"2":1,"3":0,"4":0,"5":0,"6":0,"7":0,"8":0,"9":0,"10":0,"11":0,"12":3},"b":{"0":[2,0]},"_coverageSchema":"1a1c01bbd47fc00a2c39e90264f33305004495a9","hash":"2d4ae76f2192b1aa46d8ca318f81390dce858cbe"}
,"/Users/Owen/Desktop/nerdquiz/client/src/service/socket.js": {"path":"/Users/Owen/Desktop/nerdquiz/client/src/service/socket.js","statementMap":{"0":{"start":{"line":2,"column":19},"end":{"line":2,"column":42}},"1":{"start":{"line":3,"column":22},"end":{"line":3,"column":44}}},"fnMap":{},"branchMap":{},"s":{"0":4,"1":4},"f":{},"b":{},"_coverageSchema":"1a1c01bbd47fc00a2c39e90264f33305004495a9","hash":"af399034babb73ce1ca36806da22eb7c2f74fe7f"}
}
