TN:
SF:src/components/index.js
FNF:0
FNH:0
LF:0
LH:0
BRF:0
BRH:0
end_of_record
TN:
SF:src/components/CreateRoomButton/index.js
FN:3,(anonymous_0)
FN:8,(anonymous_1)
FNF:2
FNH:1
FNDA:0,(anonymous_0)
FNDA:3,(anonymous_1)
DA:3,2
DA:5,0
DA:8,3
LF:3
LH:2
BRF:0
BRH:0
end_of_record
TN:
SF:src/components/RestartButon/index.js
FN:5,(anonymous_0)
FN:9,(anonymous_1)
FNF:2
FNH:1
FNDA:2,(anonymous_0)
FNDA:0,(anonymous_1)
DA:5,3
DA:7,2
DA:9,2
DA:10,0
DA:13,2
LF:5
LH:4
BRF:0
BRH:0
end_of_record
TN:
SF:src/components/RoomList/index.js
FN:4,(anonymous_0)
FN:16,(anonymous_1)
FN:20,(anonymous_2)
FN:24,(anonymous_3)
FNF:4
FNH:3
FNDA:2,(anonymous_0)
FNDA:3,(anonymous_1)
FNDA:1,(anonymous_2)
FNDA:0,(anonymous_3)
DA:4,2
DA:6,2
DA:8,2
DA:10,0
DA:12,0
DA:16,2
DA:17,3
DA:21,1
DA:24,0
LF:9
LH:6
BRDA:6,0,0,2
BRDA:6,0,1,0
BRDA:6,0,2,0
BRF:3
BRH:1
end_of_record
TN:
SF:src/handlers/createRoomHandler.js
FN:3,(anonymous_0)
FNF:1
FNH:0
FNDA:0,(anonymous_0)
DA:3,1
DA:4,0
DA:5,0
DA:6,0
DA:11,0
LF:5
LH:1
BRF:0
BRH:0
end_of_record
TN:
SF:src/handlers/userRoomInteractionHandlers.js
FN:3,(anonymous_0)
FN:7,(anonymous_1)
FN:11,(anonymous_2)
FNF:3
FNH:0
FNDA:0,(anonymous_0)
FNDA:0,(anonymous_1)
FNDA:0,(anonymous_2)
DA:3,3
DA:4,0
DA:7,3
DA:8,0
DA:11,3
DA:12,0
LF:6
LH:3
BRF:0
BRH:0
end_of_record
TN:
SF:src/layout/Header/index.js
FN:5,(anonymous_0)
FNF:1
FNH:1
FNDA:1,(anonymous_0)
DA:5,1
DA:6,1
DA:9,1
DA:10,0
DA:12,1
DA:15,1
LF:6
LH:5
BRDA:9,0,0,0
BRDA:9,0,1,1
BRF:2
BRH:1
end_of_record
TN:
SF:src/models/GameStateTypes.js
FNF:0
FNH:0
DA:3,6
DA:8,6
LF:2
LH:2
BRF:0
BRH:0
end_of_record
TN:
SF:src/pages/CreateRoomPage/index.js
FN:6,(anonymous_0)
FN:10,(anonymous_1)
FN:28,(anonymous_2)
FN:33,(anonymous_3)
FNF:4
FNH:1
FNDA:1,(anonymous_0)
FNDA:0,(anonymous_1)
FNDA:0,(anonymous_2)
FNDA:0,(anonymous_3)
DA:6,1
DA:7,1
DA:8,1
DA:10,1
DA:11,0
DA:28,1
DA:29,0
DA:30,0
DA:33,1
DA:34,0
DA:37,1
LF:11
LH:7
BRF:0
BRH:0
end_of_record
TN:
SF:src/pages/HomePage/index.js
FN:9,(anonymous_0)
FN:15,(anonymous_1)
FN:21,(anonymous_2)
FN:22,(anonymous_3)
FN:25,(anonymous_4)
FN:36,(anonymous_5)
FNF:6
FNH:2
FNDA:3,(anonymous_0)
FNDA:1,(anonymous_1)
FNDA:0,(anonymous_2)
FNDA:0,(anonymous_3)
FNDA:0,(anonymous_4)
FNDA:0,(anonymous_5)
DA:9,1
DA:11,3
DA:14,2
DA:15,2
DA:16,1
DA:17,1
DA:21,2
DA:22,0
DA:25,2
DA:26,0
DA:27,0
DA:33,0
DA:36,2
DA:37,0
DA:40,2
LF:15
LH:10
BRF:0
BRH:0
end_of_record
TN:
SF:src/pages/LandingPage/index.js
FN:6,(anonymous_0)
FN:10,(anonymous_1)
FNF:2
FNH:1
FNDA:1,(anonymous_0)
FNDA:0,(anonymous_1)
DA:6,1
DA:8,1
DA:10,1
DA:11,0
DA:12,0
DA:13,0
DA:14,0
DA:17,1
LF:8
LH:4
BRF:0
BRH:0
end_of_record
TN:
SF:src/pages/LeaderboardPage/index.js
FN:5,(anonymous_0)
FNF:1
FNH:1
FNDA:1,(anonymous_0)
DA:5,1
DA:6,1
LF:2
LH:2
BRF:0
BRH:0
end_of_record
TN:
SF:src/pages/QuizFinishedPage/index.js
FN:7,(anonymous_0)
FN:11,(anonymous_1)
FN:23,(anonymous_2)
FN:27,(anonymous_3)
FN:51,(anonymous_4)
FNF:5
FNH:3
FNDA:0,(anonymous_0)
FNDA:2,(anonymous_1)
FNDA:0,(anonymous_2)
FNDA:1,(anonymous_3)
FNDA:4,(anonymous_4)
DA:7,1
DA:8,0
DA:11,1
DA:13,2
DA:15,1
DA:21,1
DA:23,1
DA:24,0
DA:27,1
DA:31,1
DA:32,0
DA:38,1
DA:52,4
LF:13
LH:10
BRDA:31,0,0,0
BRDA:31,0,1,1
BRF:2
BRH:1
end_of_record
TN:
SF:src/pages/WaitingRoomPage/index.js
FN:7,(anonymous_0)
FN:12,(anonymous_1)
FN:16,(anonymous_2)
FN:26,(anonymous_3)
FN:27,(anonymous_4)
FN:31,(anonymous_5)
FN:32,(anonymous_6)
FN:32,(anonymous_7)
FN:37,(anonymous_8)
FN:45,(anonymous_9)
FN:50,(anonymous_10)
FN:57,(anonymous_11)
FN:77,(anonymous_12)
FNF:13
FNH:3
FNDA:0,(anonymous_0)
FNDA:3,(anonymous_1)
FNDA:1,(anonymous_2)
FNDA:0,(anonymous_3)
FNDA:0,(anonymous_4)
FNDA:0,(anonymous_5)
FNDA:0,(anonymous_6)
FNDA:0,(anonymous_7)
FNDA:0,(anonymous_8)
FNDA:0,(anonymous_9)
FNDA:0,(anonymous_10)
FNDA:0,(anonymous_11)
FNDA:3,(anonymous_12)
DA:7,1
DA:9,0
DA:12,1
DA:14,3
DA:15,2
DA:16,2
DA:19,1
DA:22,1
DA:26,2
DA:27,0
DA:31,2
DA:32,0
DA:37,2
DA:42,0
DA:45,2
DA:47,0
DA:50,2
DA:51,0
DA:52,0
DA:54,0
DA:57,2
DA:59,0
DA:62,2
DA:78,3
LF:24
LH:15
BRDA:69,0,0,2
BRDA:69,0,1,0
BRF:2
BRH:1
end_of_record
TN:
SF:src/service/socket.js
FNF:0
FNH:0
DA:2,4
DA:3,4
LF:2
LH:2
BRF:0
BRH:0
end_of_record
